{"name": "Проверка процесса заказа самоката", "status": "broken", "statusDetails": {"message": "selenium.common.exceptions.TimeoutException: Message: \nStacktrace:\n\tGetHandleVerifier [0x00007FF713E78EF2+54786]\n\t(No symbol) [0x00007FF713DE5612]\n\t(No symbol) [0x00007FF713C9A64B]\n\t(No symbol) [0x00007FF713CDB79C]\n\t(No symbol) [0x00007FF713CDB91C]\n\t(No symbol) [0x00007FF713D16D87]\n\t(No symbol) [0x00007FF713CFBEAF]\n\t(No symbol) [0x00007FF713D14D02]\n\t(No symbol) [0x00007FF713CFBC43]\n\t(No symbol) [0x00007FF713CD0941]\n\t(No symbol) [0x00007FF713CD1B84]\n\tGetHandleVerifier [0x00007FF7141C7F52+3524194]\n\tGetHandleVerifier [0x00007FF71421D800+3874576]\n\tGetHandleVerifier [0x00007FF714215D7F+3843215]\n\tGetHandleVerifier [0x00007FF713F15086+694166]\n\t(No symbol) [0x00007FF713DF0A88]\n\t(No symbol) [0x00007FF713DECA94]\n\t(No symbol) [0x00007FF713DECBC2]\n\t(No symbol) [0x00007FF713DDCC83]\n\tBaseThreadInitThunk [0x00007FFB24157344+20]\n\tRtlUserThreadStart [0x00007FFB254426B1+33]", "trace": "self = <test_order_page.TestOrderProcess object at 0x0000022964B88510>, driver = <selenium.webdriver.chrome.webdriver.WebDriver (session=\"6202adf9c56c561f075feb538c89a8d0\")>\naccept_cookie = None, user = ['Николай', 'Гоголь', 'Проспект Мира, 121', '+09090977765', 'Тестовый комментарий для заказа']\n\n    @allure.title('Проверка процесса заказа самоката')\n    @allure.description('По шагам заполняем форму заказа и нажимаем \"Заказать\"')\n    @pytest.mark.parametrize('user', (Order.order_1, Order.order_2))\n    def test_order_process(self, driver, accept_cookie, user):\n        order = OrderPage(driver)\n        order.go_to_site(Urls.url_order)\n    \n        order.fill_order_first_page(user[0], user[1], user[2], user[3])\n        order.fill_order_second_page(user[4])\n    \n        order.press_order()\n>       order.wait_until_element_visibility(10, OrderPageLocators.ORDER_SUCCESS)\n\ntests\\test_order_page.py:22: \n_ _ _ _ _ _ _ _ _ _ _ _ _ _ _ _ _ _ _ _ _ _ _ _ _ _ _ _ _ _ _ _ _ _ _ _ _ _ _ _ _ _ _ _ _ _ _ _ _ _ _ _ _ _ _ _ _ _ _ _ _ _ _ _ _ _ _ _ _ _ _ _ _ _ _ _ _ _ _ _ _ _ _ _ _ _ _ _ _ _ _ _\npages\\basepage.py:32: in wait_until_element_visibility\n    WebDriverWait(self.driver, time).until(EC.visibility_of_element_located(locator))\n_ _ _ _ _ _ _ _ _ _ _ _ _ _ _ _ _ _ _ _ _ _ _ _ _ _ _ _ _ _ _ _ _ _ _ _ _ _ _ _ _ _ _ _ _ _ _ _ _ _ _ _ _ _ _ _ _ _ _ _ _ _ _ _ _ _ _ _ _ _ _ _ _ _ _ _ _ _ _ _ _ _ _ _ _ _ _ _ _ _ _ _\n\nself = <selenium.webdriver.support.wait.WebDriverWait (session=\"6202adf9c56c561f075feb538c89a8d0\")>\nmethod = <function visibility_of_element_located.<locals>._predicate at 0x0000022964B849A0>, message = ''\n\n    def until(self, method, message: str = \"\"):\n        \"\"\"Calls the method provided with the driver as an argument until the \\\n        return value does not evaluate to ``False``.\n    \n        :param method: callable(WebDriver)\n        :param message: optional message for :exc:`TimeoutException`\n        :returns: the result of the last call to `method`\n        :raises: :exc:`selenium.common.exceptions.TimeoutException` if timeout occurs\n        \"\"\"\n        screen = None\n        stacktrace = None\n    \n        end_time = time.monotonic() + self._timeout\n        while True:\n            try:\n                value = method(self._driver)\n                if value:\n                    return value\n            except self._ignored_exceptions as exc:\n                screen = getattr(exc, \"screen\", None)\n                stacktrace = getattr(exc, \"stacktrace\", None)\n            time.sleep(self._poll)\n            if time.monotonic() > end_time:\n                break\n>       raise TimeoutException(message, screen, stacktrace)\nE       selenium.common.exceptions.TimeoutException: Message: \nE       Stacktrace:\nE       \tGetHandleVerifier [0x00007FF713E78EF2+54786]\nE       \t(No symbol) [0x00007FF713DE5612]\nE       \t(No symbol) [0x00007FF713C9A64B]\nE       \t(No symbol) [0x00007FF713CDB79C]\nE       \t(No symbol) [0x00007FF713CDB91C]\nE       \t(No symbol) [0x00007FF713D16D87]\nE       \t(No symbol) [0x00007FF713CFBEAF]\nE       \t(No symbol) [0x00007FF713D14D02]\nE       \t(No symbol) [0x00007FF713CFBC43]\nE       \t(No symbol) [0x00007FF713CD0941]\nE       \t(No symbol) [0x00007FF713CD1B84]\nE       \tGetHandleVerifier [0x00007FF7141C7F52+3524194]\nE       \tGetHandleVerifier [0x00007FF71421D800+3874576]\nE       \tGetHandleVerifier [0x00007FF714215D7F+3843215]\nE       \tGetHandleVerifier [0x00007FF713F15086+694166]\nE       \t(No symbol) [0x00007FF713DF0A88]\nE       \t(No symbol) [0x00007FF713DECA94]\nE       \t(No symbol) [0x00007FF713DECBC2]\nE       \t(No symbol) [0x00007FF713DDCC83]\nE       \tBaseThreadInitThunk [0x00007FFB24157344+20]\nE       \tRtlUserThreadStart [0x00007FFB254426B1+33]\n\n..\\..\\AppData\\Local\\Programs\\Python\\Python311\\Lib\\site-packages\\selenium\\webdriver\\support\\wait.py:95: TimeoutException"}, "description": "По шагам заполняем форму заказа и нажимаем \"Заказать\"", "steps": [{"name": "Заполняем всю первую страницу", "status": "passed", "steps": [{"name": "Вводим имя", "status": "passed", "parameters": [{"name": "name", "value": "'Николай'"}], "start": 1698008104496, "stop": 1698008104608}, {"name": "Вводим фамилию", "status": "passed", "parameters": [{"name": "surname", "value": "'Гоголь'"}], "start": 1698008104608, "stop": 1698008104698}, {"name": "Вводим адрес", "status": "passed", "parameters": [{"name": "address", "value": "'Проспект Мира, 121'"}], "start": 1698008104698, "stop": 1698008104799}, {"name": "Выбираем станцию метро", "status": "passed", "start": 1698008104799, "stop": 1698008104948}, {"name": "Вводим телефон", "status": "passed", "parameters": [{"name": "phone", "value": "'+09090977765'"}], "start": 1698008104948, "stop": 1698008105036}, {"name": "Нажимаем Далее", "status": "passed", "start": 1698008105036, "stop": 1698008105103}], "parameters": [{"name": "name", "value": "'Николай'"}, {"name": "surname", "value": "'Гоголь'"}, {"name": "address", "value": "'Проспект Мира, 121'"}, {"name": "phone", "value": "'+09090977765'"}], "start": 1698008104496, "stop": 1698008105103}, {"name": "Выбираем дату аренды", "status": "passed", "start": 1698008105103, "stop": 1698008105255}, {"name": "Выбираем период аренды", "status": "passed", "start": 1698008105255, "stop": 1698008105434}, {"name": "Выбираем цвет", "status": "passed", "start": 1698008105435, "stop": 1698008105589}, {"name": "Вводим комментарий", "status": "passed", "parameters": [{"name": "comment", "value": "'Тестовый комментарий для заказа'"}], "start": 1698008105589, "stop": 1698008105745}], "parameters": [{"name": "user", "value": "['Николай', 'Гоголь', 'Проспект Мира, 121', '+09090977765', 'Тестовый комментарий для заказа']"}], "start": 1698008104350, "stop": 1698008116565, "uuid": "e35bcedb-f292-42dd-b0e4-8a27d97c56be", "historyId": "55958b1674dfac2e1b2a60556c7a439b", "testCaseId": "2113d405110772fe0ecdadb8189244bd", "fullName": "tests.test_order_page.TestOrderProcess#test_order_process", "labels": [{"name": "parentSuite", "value": "tests"}, {"name": "suite", "value": "test_order_page"}, {"name": "subSuite", "value": "TestOrderProcess"}, {"name": "host", "value": "i101922157"}, {"name": "thread", "value": "22164-MainThread"}, {"name": "framework", "value": "pytest"}, {"name": "language", "value": "cpython3"}, {"name": "package", "value": "tests.test_order_page"}]}